Nov 16, 2022 4:30:40 PM com.log.LogFile <clinit>
INFO: Logger Initialized
Nov 16, 2022 4:30:40 PM com.log.LogFile writeToLog
INFO: naresh.patcheappin@gmail.com was authanticated successfully
Nov 16, 2022 4:30:40 PM com.log.LogFile writeToLog
INFO: user logined successfully
Nov 16, 2022 4:31:18 PM com.log.LogFile writeToLog
INFO: it will collected the from and to 
Nov 16, 2022 4:31:28 PM com.log.LogFile writeToLog
INFO: successfull collection of from,to and date
Nov 16, 2022 4:32:57 PM com.log.LogFile writeToLog
INFO: 1001 history was collected successfully
Nov 16, 2022 4:33:13 PM com.log.LogFile writeToLog
INFO: naresh.patcheappin@gmail.com detail was updated successfully
Nov 16, 2022 4:33:17 PM com.log.LogFile writeToLog
INFO: user logout successfully :)
Nov 16, 2022 4:34:21 PM com.log.LogFile writeToLog
INFO: it will collected the from and to 
Nov 16, 2022 4:34:32 PM com.log.LogFile writeToLog
INFO: successfull collection of from,to and date
Nov 16, 2022 4:34:35 PM com.log.LogFile writeToLog
INFO: 113 bus detail will fetched successfully.
Nov 16, 2022 4:35:22 PM com.log.LogFile writeToLog
INFO: admin@zoho.com was authanticated successfully
Nov 16, 2022 4:35:22 PM com.log.LogFile writeToLog
INFO: user logined successfully
Nov 16, 2022 4:35:24 PM com.log.LogFile writeToLog
INFO: all the bus detials collected successfully
Nov 16, 2022 4:36:29 PM com.log.LogFile writeToLog
INFO: all the bus detials collected successfully
Nov 16, 2022 4:36:47 PM com.log.LogFile writeToLog
INFO: all the bus detials collected successfully
Nov 16, 2022 4:37:13 PM com.log.LogFile writeToLog
INFO: all the bus detials collected successfully
Nov 16, 2022 4:37:16 PM com.log.LogFile writeToLog
INFO: all the bus detials collected successfully
Nov 16, 2022 4:37:17 PM com.log.LogFile writeToLog
INFO: all the bus detials collected successfully
Nov 16, 2022 4:37:17 PM com.log.LogFile writeToLog
INFO: all the bus detials collected successfully
Nov 16, 2022 4:37:19 PM com.log.LogFile writeToLog
INFO: all the bus detials collected successfully
Nov 16, 2022 4:38:46 PM com.log.LogFile writeToLog
INFO: all the bus detials collected successfully
Nov 16, 2022 4:39:25 PM com.log.LogFile writeToLog
INFO: all the bus detials collected successfully
Nov 16, 2022 4:41:12 PM com.log.LogFile writeToLog
INFO: all the bus detials collected successfully
Nov 16, 2022 4:41:13 PM com.log.LogFile writeToLog
INFO: all the bus detials collected successfully
Nov 16, 2022 4:41:15 PM com.log.LogFile writeToLog
INFO: all the bus detials collected successfully
Nov 16, 2022 4:42:14 PM com.log.LogFile writeToLog
INFO: all the bus detials collected successfully
Nov 16, 2022 4:42:49 PM com.log.LogFile writeToLog
INFO: all the bus detials collected successfully
Dec 07, 2022 11:28:57 AM com.log.LogFile <clinit>
INFO: Logger Initialized
Dec 07, 2022 11:28:57 AM com.log.LogFile writeToLog
INFO: admin@zoho.com was authanticated successfully
Dec 07, 2022 11:28:57 AM com.log.LogFile writeToLog
INFO: user logined successfully
Dec 07, 2022 11:28:59 AM com.log.LogFile writeToLog
INFO: all the bus detials collected successfully
Dec 07, 2022 11:29:01 AM com.log.LogFile writeToLog
INFO: all the bus reserved detaisl was get successfully
Dec 07, 2022 11:29:07 AM com.log.LogFile writeToLog
INFO: user logout successfully :)
